<?xml version="1.0" encoding="UTF-8"?>
<!-- Generated by org.testng.reporters.JUnitReportReporter -->
<testsuite hostname="DESKTOP-29D1PLS" failures="0" tests="5" name="cucumberOptions.TestRunner" time="7.144" errors="0" timestamp="2023-04-19T07:26:58 PDT" skipped="0">
  <testcase classname="cucumberOptions.TestRunner" name="runScenario" time="1.093"/>
  <system-out/>
  <testcase classname="cucumberOptions.TestRunner" name="runScenario" time="1.441"/>
  <system-out/>
  <testcase classname="cucumberOptions.TestRunner" name="runScenario" time="1.777"/>
  <system-out/>
  <testcase classname="cucumberOptions.TestRunner" name="runScenario" time="0.273"/>
  <system-out/>
  <testcase classname="cucumberOptions.TestRunner" name="runScenario" time="2.560"/>
  <system-out/>
</testsuite> <!-- cucumberOptions.TestRunner -->
