<?xml version="1.0" encoding="UTF-8"?>
<testng-results ignored="0" total="5" passed="5" failed="0" skipped="0">
  <reporter-output>
  </reporter-output>
  <suite started-at="2023-04-19T07:26:50 PDT" name="Surefire suite" finished-at="2023-04-19T07:26:58 PDT" duration-ms="7580">
    <groups>
      <group name="cucumber">
        <method signature="AbstractTestNGCucumberTests.runScenario(io.cucumber.testng.PickleWrapper,io.cucumber.testng.FeatureWrapper)[pri:0, instance:cucumberOptions.TestRunner@29176cc1]" name="runScenario" class="io.cucumber.testng.AbstractTestNGCucumberTests"/>
      </group> <!-- cucumber -->
    </groups>
    <test started-at="2023-04-19T07:26:50 PDT" name="Surefire test" finished-at="2023-04-19T07:26:58 PDT" duration-ms="7580">
      <class name="cucumberOptions.TestRunner">
        <test-method is-config="true" signature="setUpClass(org.testng.ITestContext)[pri:0, instance:cucumberOptions.TestRunner@29176cc1]" started-at="2023-04-19T07:26:50 PDT" name="setUpClass" finished-at="2023-04-19T07:26:50 PDT" duration-ms="201" status="PASS">
          <params>
            <param index="0">
              <value>
                <![CDATA[org.testng.TestRunner@1c6e3ff9]]>
              </value>
            </param>
          </params>
          <reporter-output>
          </reporter-output>
        </test-method> <!-- setUpClass -->
        <test-method signature="runScenario(io.cucumber.testng.PickleWrapper,io.cucumber.testng.FeatureWrapper)[pri:0, instance:cucumberOptions.TestRunner@29176cc1]" started-at="2023-04-19T07:26:50 PDT" name="runScenario" description="Runs Cucumber Scenarios" data-provider="scenarios" finished-at="2023-04-19T07:26:52 PDT" duration-ms="1777" status="PASS">
          <params>
            <param index="0">
              <value>
                <![CDATA["Login to Ecommerce Website with API Call"]]>
              </value>
            </param>
            <param index="1">
              <value>
                <![CDATA["Login to Ecommerce Website"]]>
              </value>
            </param>
          </params>
          <reporter-output>
          </reporter-output>
        </test-method> <!-- runScenario -->
        <test-method signature="runScenario(io.cucumber.testng.PickleWrapper,io.cucumber.testng.FeatureWrapper)[pri:0, instance:cucumberOptions.TestRunner@29176cc1]" started-at="2023-04-19T07:26:52 PDT" name="runScenario" description="Runs Cucumber Scenarios" data-provider="scenarios" finished-at="2023-04-19T07:26:52 PDT" duration-ms="273" status="PASS">
          <params>
            <param index="0">
              <value>
                <![CDATA["Create a Product in website using API call"]]>
              </value>
            </param>
            <param index="1">
              <value>
                <![CDATA["Login to Ecommerce Website"]]>
              </value>
            </param>
          </params>
          <reporter-output>
          </reporter-output>
        </test-method> <!-- runScenario -->
        <test-method signature="runScenario(io.cucumber.testng.PickleWrapper,io.cucumber.testng.FeatureWrapper)[pri:0, instance:cucumberOptions.TestRunner@29176cc1]" started-at="2023-04-19T07:26:52 PDT" name="runScenario" description="Runs Cucumber Scenarios" data-provider="scenarios" finished-at="2023-04-19T07:26:55 PDT" duration-ms="2560" status="PASS">
          <params>
            <param index="0">
              <value>
                <![CDATA["Create an Order in website using API call"]]>
              </value>
            </param>
            <param index="1">
              <value>
                <![CDATA["Login to Ecommerce Website"]]>
              </value>
            </param>
          </params>
          <reporter-output>
          </reporter-output>
        </test-method> <!-- runScenario -->
        <test-method signature="runScenario(io.cucumber.testng.PickleWrapper,io.cucumber.testng.FeatureWrapper)[pri:0, instance:cucumberOptions.TestRunner@29176cc1]" started-at="2023-04-19T07:26:55 PDT" name="runScenario" description="Runs Cucumber Scenarios" data-provider="scenarios" finished-at="2023-04-19T07:26:56 PDT" duration-ms="1093" status="PASS">
          <params>
            <param index="0">
              <value>
                <![CDATA["GetOrder details in website using API call"]]>
              </value>
            </param>
            <param index="1">
              <value>
                <![CDATA["Login to Ecommerce Website"]]>
              </value>
            </param>
          </params>
          <reporter-output>
          </reporter-output>
        </test-method> <!-- runScenario -->
        <test-method signature="runScenario(io.cucumber.testng.PickleWrapper,io.cucumber.testng.FeatureWrapper)[pri:0, instance:cucumberOptions.TestRunner@29176cc1]" started-at="2023-04-19T07:26:56 PDT" name="runScenario" description="Runs Cucumber Scenarios" data-provider="scenarios" finished-at="2023-04-19T07:26:57 PDT" duration-ms="1441" status="PASS">
          <params>
            <param index="0">
              <value>
                <![CDATA["Delete an Order in website using API call"]]>
              </value>
            </param>
            <param index="1">
              <value>
                <![CDATA["Login to Ecommerce Website"]]>
              </value>
            </param>
          </params>
          <reporter-output>
          </reporter-output>
        </test-method> <!-- runScenario -->
        <test-method is-config="true" signature="tearDownClass()[pri:0, instance:cucumberOptions.TestRunner@29176cc1]" started-at="2023-04-19T07:26:57 PDT" name="tearDownClass" finished-at="2023-04-19T07:26:58 PDT" duration-ms="193" status="PASS">
          <reporter-output>
          </reporter-output>
        </test-method> <!-- tearDownClass -->
      </class> <!-- cucumberOptions.TestRunner -->
    </test> <!-- Surefire test -->
  </suite> <!-- Surefire suite -->
</testng-results>
